2020-12-17 11:07:55.814  INFO 25184 --- [main] c.q.hope2.spider.SpiderApplication       : Starting SpiderApplication on DLC0002QVRJM2L with PID 25184 (C:\Users\bing.a.qian\IdeaProjects\hope2\spider-service\target\classes started by bing.a.qian in C:\Users\bing.a.qian\IdeaProjects\hope2)
2020-12-17 11:07:55.818  INFO 25184 --- [main] c.q.hope2.spider.SpiderApplication       : No active profile set, falling back to default profiles: default
2020-12-17 11:07:57.210  INFO 25184 --- [main] o.s.b.w.embedded.tomcat.TomcatWebServer  : Tomcat initialized with port(s): 8001 (http)
2020-12-17 11:07:57.221  INFO 25184 --- [main] o.apache.catalina.core.StandardService   : Starting service [Tomcat]
2020-12-17 11:07:57.222  INFO 25184 --- [main] org.apache.catalina.core.StandardEngine  : Starting Servlet engine: [Apache Tomcat/9.0.27]
2020-12-17 11:07:57.427  INFO 25184 --- [main] o.a.c.c.C.[Tomcat].[localhost].[/]       : Initializing Spring embedded WebApplicationContext
2020-12-17 11:07:57.427  INFO 25184 --- [main] o.s.web.context.ContextLoader            : Root WebApplicationContext: initialization completed in 1544 ms
2020-12-17 11:07:57.872  INFO 25184 --- [main] o.s.s.concurrent.ThreadPoolTaskExecutor  : Initializing ExecutorService 'applicationTaskExecutor'
2020-12-17 11:07:58.123  INFO 25184 --- [main] o.s.s.c.ThreadPoolTaskScheduler          : Initializing ExecutorService 'taskScheduler'
2020-12-17 11:07:58.130  INFO 25184 --- [main] o.s.b.a.e.web.EndpointLinksResolver      : Exposing 2 endpoint(s) beneath base path '/actuator'
2020-12-17 11:07:58.200  INFO 25184 --- [main] o.s.b.w.embedded.tomcat.TomcatWebServer  : Tomcat started on port(s): 8001 (http) with context path ''
2020-12-17 11:07:58.204  INFO 25184 --- [main] c.q.hope2.spider.SpiderApplication       : Started SpiderApplication in 2.907 seconds (JVM running for 5.444)
2020-12-17 11:07:58.699  INFO 25184 --- [RMI TCP Connection(1)-192.168.43.136] o.a.c.c.C.[Tomcat].[localhost].[/]       : Initializing Spring DispatcherServlet 'dispatcherServlet'
2020-12-17 11:07:58.700  INFO 25184 --- [RMI TCP Connection(1)-192.168.43.136] o.s.web.servlet.DispatcherServlet        : Initializing Servlet 'dispatcherServlet'
2020-12-17 11:07:58.708  INFO 25184 --- [RMI TCP Connection(1)-192.168.43.136] o.s.web.servlet.DispatcherServlet        : Completed initialization in 7 ms
2020-12-17 11:14:32.926  INFO 25184 --- [task-1] c.q.hope2.spider.job.StockInfoSpider     : ==============================需要更新 Thu Dec 17 11:14:32 CST 2020
2020-12-17 11:14:32.935 ERROR 25184 --- [task-1] c.q.hope2.spider.job.StockInfoSpider     : null

java.lang.NullPointerException: null
	at com.qianyitian.hope2.spider.job.StockInfoSpider.syncStockData(StockInfoSpider.java:93) ~[classes/:na]
	at com.qianyitian.hope2.spider.job.StockInfoSpider.run(StockInfoSpider.java:65) ~[classes/:na]
	at com.qianyitian.hope2.spider.controller.ScheduledController.forceRefreshStockInfo(ScheduledController.java:40) [classes/:na]
	at com.qianyitian.hope2.spider.controller.ScheduledController$$FastClassBySpringCGLIB$$68cebdfe.invoke(<generated>) [classes/:na]
	at org.springframework.cglib.proxy.MethodProxy.invoke(MethodProxy.java:218) [spring-core-5.2.0.RELEASE.jar:5.2.0.RELEASE]
	at org.springframework.aop.framework.CglibAopProxy$CglibMethodInvocation.invokeJoinpoint(CglibAopProxy.java:769) [spring-aop-5.2.0.RELEASE.jar:5.2.0.RELEASE]
	at org.springframework.aop.framework.ReflectiveMethodInvocation.proceed(ReflectiveMethodInvocation.java:163) [spring-aop-5.2.0.RELEASE.jar:5.2.0.RELEASE]
	at org.springframework.aop.framework.CglibAopProxy$CglibMethodInvocation.proceed(CglibAopProxy.java:747) [spring-aop-5.2.0.RELEASE.jar:5.2.0.RELEASE]
	at org.springframework.aop.interceptor.AsyncExecutionInterceptor.lambda$invoke$0(AsyncExecutionInterceptor.java:115) [spring-aop-5.2.0.RELEASE.jar:5.2.0.RELEASE]
	at java.util.concurrent.FutureTask.run$$$capture(FutureTask.java:266) ~[na:1.8.0_271]
	at java.util.concurrent.FutureTask.run(FutureTask.java) ~[na:1.8.0_271]
	at java.util.concurrent.ThreadPoolExecutor.runWorker(ThreadPoolExecutor.java:1149) ~[na:1.8.0_271]
	at java.util.concurrent.ThreadPoolExecutor$Worker.run(ThreadPoolExecutor.java:624) ~[na:1.8.0_271]
	at java.lang.Thread.run(Thread.java:748) ~[na:1.8.0_271]

2020-12-17 11:14:33.778  INFO 25184 --- [SpringContextShutdownHook] o.s.s.c.ThreadPoolTaskScheduler          : Shutting down ExecutorService 'taskScheduler'
2020-12-17 11:14:33.781  INFO 25184 --- [SpringContextShutdownHook] o.s.s.concurrent.ThreadPoolTaskExecutor  : Shutting down ExecutorService 'applicationTaskExecutor'
