2020-12-17 11:05:59.497  INFO 25956 --- [main] c.q.hope2.spider.SpiderApplication       : Starting SpiderApplication v1.0 on DLC0002QVRJM2L with PID 25956 (C:\Users\bing.a.qian\IdeaProjects\hope2\target\spider-service-1.0.jar started by bing.a.qian in C:\Users\bing.a.qian\IdeaProjects\hope2\target)
2020-12-17 11:05:59.502  INFO 25956 --- [main] c.q.hope2.spider.SpiderApplication       : No active profile set, falling back to default profiles: default
2020-12-17 11:06:01.537  INFO 25956 --- [main] o.s.b.w.embedded.tomcat.TomcatWebServer  : Tomcat initialized with port(s): 8001 (http)
2020-12-17 11:06:01.553  INFO 25956 --- [main] o.apache.catalina.core.StandardService   : Starting service [Tomcat]
2020-12-17 11:06:01.554  INFO 25956 --- [main] org.apache.catalina.core.StandardEngine  : Starting Servlet engine: [Apache Tomcat/9.0.27]
2020-12-17 11:06:01.679  INFO 25956 --- [main] o.a.c.c.C.[Tomcat].[localhost].[/]       : Initializing Spring embedded WebApplicationContext
2020-12-17 11:06:01.679  INFO 25956 --- [main] o.s.web.context.ContextLoader            : Root WebApplicationContext: initialization completed in 2083 ms
2020-12-17 11:06:02.134  INFO 25956 --- [main] o.s.s.concurrent.ThreadPoolTaskExecutor  : Initializing ExecutorService 'applicationTaskExecutor'
2020-12-17 11:06:02.486  INFO 25956 --- [main] o.s.s.c.ThreadPoolTaskScheduler          : Initializing ExecutorService 'taskScheduler'
2020-12-17 11:06:02.495  INFO 25956 --- [main] o.s.b.a.e.web.EndpointLinksResolver      : Exposing 2 endpoint(s) beneath base path '/actuator'
2020-12-17 11:06:02.577  INFO 25956 --- [main] o.s.b.w.embedded.tomcat.TomcatWebServer  : Tomcat started on port(s): 8001 (http) with context path ''
2020-12-17 11:06:02.580  INFO 25956 --- [main] c.q.hope2.spider.SpiderApplication       : Started SpiderApplication in 3.819 seconds (JVM running for 4.577)
2020-12-17 11:06:11.733  INFO 25956 --- [http-nio-8001-exec-1] o.a.c.c.C.[Tomcat].[localhost].[/]       : Initializing Spring DispatcherServlet 'dispatcherServlet'
2020-12-17 11:06:11.734  INFO 25956 --- [http-nio-8001-exec-1] o.s.web.servlet.DispatcherServlet        : Initializing Servlet 'dispatcherServlet'
2020-12-17 11:06:11.747  INFO 25956 --- [http-nio-8001-exec-1] o.s.web.servlet.DispatcherServlet        : Completed initialization in 12 ms
2020-12-17 11:06:12.658  INFO 25956 --- [task-1] c.q.hope2.spider.job.StockInfoSpider     : ==============================需要更新 Thu Dec 17 11:06:12 CST 2020
2020-12-17 11:06:12.666 ERROR 25956 --- [task-1] c.q.hope2.spider.job.StockInfoSpider     : null

java.lang.NullPointerException: null
	at com.qianyitian.hope2.spider.job.StockInfoSpider.syncStockData(StockInfoSpider.java:93) ~[classes!/:1.0]
	at com.qianyitian.hope2.spider.job.StockInfoSpider.run(StockInfoSpider.java:65) ~[classes!/:1.0]
	at com.qianyitian.hope2.spider.controller.ScheduledController.forceRefreshStockInfo(ScheduledController.java:40) [classes!/:1.0]
	at com.qianyitian.hope2.spider.controller.ScheduledController$$FastClassBySpringCGLIB$$68cebdfe.invoke(<generated>) [classes!/:1.0]
	at org.springframework.cglib.proxy.MethodProxy.invoke(MethodProxy.java:218) [spring-core-5.2.0.RELEASE.jar!/:5.2.0.RELEASE]
	at org.springframework.aop.framework.CglibAopProxy$CglibMethodInvocation.invokeJoinpoint(CglibAopProxy.java:769) [spring-aop-5.2.0.RELEASE.jar!/:5.2.0.RELEASE]
	at org.springframework.aop.framework.ReflectiveMethodInvocation.proceed(ReflectiveMethodInvocation.java:163) [spring-aop-5.2.0.RELEASE.jar!/:5.2.0.RELEASE]
	at org.springframework.aop.framework.CglibAopProxy$CglibMethodInvocation.proceed(CglibAopProxy.java:747) [spring-aop-5.2.0.RELEASE.jar!/:5.2.0.RELEASE]
	at org.springframework.aop.interceptor.AsyncExecutionInterceptor.lambda$invoke$0(AsyncExecutionInterceptor.java:115) [spring-aop-5.2.0.RELEASE.jar!/:5.2.0.RELEASE]
	at java.util.concurrent.FutureTask.run(Unknown Source) ~[na:1.8.0_271]
	at java.util.concurrent.ThreadPoolExecutor.runWorker(Unknown Source) ~[na:1.8.0_271]
	at java.util.concurrent.ThreadPoolExecutor$Worker.run(Unknown Source) ~[na:1.8.0_271]
	at java.lang.Thread.run(Unknown Source) ~[na:1.8.0_271]

2020-12-17 11:07:31.583  INFO 25956 --- [SpringContextShutdownHook] o.s.s.c.ThreadPoolTaskScheduler          : Shutting down ExecutorService 'taskScheduler'
2020-12-17 11:07:31.586  INFO 25956 --- [SpringContextShutdownHook] o.s.s.concurrent.ThreadPoolTaskExecutor  : Shutting down ExecutorService 'applicationTaskExecutor'
2020-12-17 11:21:24.546  INFO 21664 --- [main] c.q.hope2.spider.SpiderApplication       : Starting SpiderApplication v1.0 on DLC0002QVRJM2L with PID 21664 (C:\Users\bing.a.qian\IdeaProjects\hope2\target\spider-service-1.0.jar started by bing.a.qian in C:\Users\bing.a.qian\IdeaProjects\hope2\target)
2020-12-17 11:21:24.553  INFO 21664 --- [main] c.q.hope2.spider.SpiderApplication       : No active profile set, falling back to default profiles: default
2020-12-17 11:21:26.539  INFO 21664 --- [main] o.s.b.w.embedded.tomcat.TomcatWebServer  : Tomcat initialized with port(s): 8001 (http)
2020-12-17 11:21:26.555  INFO 21664 --- [main] o.apache.catalina.core.StandardService   : Starting service [Tomcat]
2020-12-17 11:21:26.555  INFO 21664 --- [main] org.apache.catalina.core.StandardEngine  : Starting Servlet engine: [Apache Tomcat/9.0.27]
2020-12-17 11:21:26.699  INFO 21664 --- [main] o.a.c.c.C.[Tomcat].[localhost].[/]       : Initializing Spring embedded WebApplicationContext
2020-12-17 11:21:26.700  INFO 21664 --- [main] o.s.web.context.ContextLoader            : Root WebApplicationContext: initialization completed in 2045 ms
2020-12-17 11:21:27.231  INFO 21664 --- [main] o.s.s.concurrent.ThreadPoolTaskExecutor  : Initializing ExecutorService 'applicationTaskExecutor'
2020-12-17 11:21:27.624  INFO 21664 --- [main] o.s.s.c.ThreadPoolTaskScheduler          : Initializing ExecutorService 'taskScheduler'
2020-12-17 11:21:27.635  INFO 21664 --- [main] o.s.b.a.e.web.EndpointLinksResolver      : Exposing 2 endpoint(s) beneath base path '/actuator'
2020-12-17 11:21:27.728  INFO 21664 --- [main] o.s.b.w.embedded.tomcat.TomcatWebServer  : Tomcat started on port(s): 8001 (http) with context path ''
2020-12-17 11:21:27.733  INFO 21664 --- [main] c.q.hope2.spider.SpiderApplication       : Started SpiderApplication in 4.004 seconds (JVM running for 4.777)
2020-12-17 11:21:36.313  INFO 21664 --- [http-nio-8001-exec-1] o.a.c.c.C.[Tomcat].[localhost].[/]       : Initializing Spring DispatcherServlet 'dispatcherServlet'
2020-12-17 11:21:36.314  INFO 21664 --- [http-nio-8001-exec-1] o.s.web.servlet.DispatcherServlet        : Initializing Servlet 'dispatcherServlet'
2020-12-17 11:21:36.330  INFO 21664 --- [http-nio-8001-exec-1] o.s.web.servlet.DispatcherServlet        : Completed initialization in 13 ms
2020-12-17 11:21:36.753  INFO 21664 --- [task-1] c.q.hope2.spider.job.StockInfoSpider     : ==============================需要更新 Thu Dec 17 11:21:36 CST 2020
2020-12-17 11:21:41.035  INFO 21664 --- [task-1] c.q.hope2.spider.job.StockInfoSpider     : saved stock 000001
2020-12-17 11:21:44.960  INFO 21664 --- [task-1] c.q.hope2.spider.job.StockInfoSpider     : saved stock 000002
2020-12-17 11:21:49.574  INFO 21664 --- [task-1] c.q.hope2.spider.job.StockInfoSpider     : saved stock 000004
2020-12-17 11:21:54.857  INFO 21664 --- [task-1] c.q.hope2.spider.job.StockInfoSpider     : saved stock 000005
2020-12-17 11:21:59.247  INFO 21664 --- [task-1] c.q.hope2.spider.job.StockInfoSpider     : saved stock 000006
2020-12-17 11:22:02.289  INFO 21664 --- [task-1] c.q.hope2.spider.job.StockInfoSpider     : saved stock 000007
2020-12-17 11:22:04.426  INFO 21664 --- [SpringContextShutdownHook] o.s.s.c.ThreadPoolTaskScheduler          : Shutting down ExecutorService 'taskScheduler'
2020-12-17 11:22:04.431  INFO 21664 --- [SpringContextShutdownHook] o.s.s.concurrent.ThreadPoolTaskExecutor  : Shutting down ExecutorService 'applicationTaskExecutor'
